
 Quartz v4.5.2  

Cleaned output directory `public` in 82ms
Found 111 input files from `content` in 25ms
Parsing input files using 1 threads
LaTeX-incompatible input and strict mode is set to 'warn': Accented Unicode text character "ü" used in math mode [unicodeTextInMathMode]
LaTeX-incompatible input and strict mode is set to 'warn': Unrecognized Unicode character "«" (171) [unknownSymbol]
LaTeX-incompatible input and strict mode is set to 'warn': Accented Unicode text character "Ü" used in math mode [unicodeTextInMathMode]
LaTeX-incompatible input and strict mode is set to 'warn': Unrecognized Unicode character "»" (187) [unknownSymbol]
LaTeX-incompatible input and strict mode is set to 'warn': Unrecognized Unicode character "—" (8212) [unknownSymbol]
LaTeX-incompatible input and strict mode is set to 'warn': Accented Unicode text character "ü" used in math mode [unicodeTextInMathMode]
No character metrics for '«' in style 'Main-Regular' and mode 'text'
No character metrics for '»' in style 'Main-Regular' and mode 'text'
Parsed 111 Markdown files in 7s
Filtered out 0 files in 230μs
Emitting files
Emitted 866 files to `public` in 29s
Done processing 111 files in 37s

 Quartz v4.5.2  

Cleaned output directory `public` in 77ms
Found 112 input files from `content` in 26ms
Parsing input files using 1 threads
LaTeX-incompatible input and strict mode is set to 'warn': Accented Unicode text character "ü" used in math mode [unicodeTextInMathMode]
LaTeX-incompatible input and strict mode is set to 'warn': Unrecognized Unicode character "«" (171) [unknownSymbol]
LaTeX-incompatible input and strict mode is set to 'warn': Accented Unicode text character "Ü" used in math mode [unicodeTextInMathMode]
LaTeX-incompatible input and strict mode is set to 'warn': Unrecognized Unicode character "»" (187) [unknownSymbol]
LaTeX-incompatible input and strict mode is set to 'warn': Unrecognized Unicode character "—" (8212) [unknownSymbol]
LaTeX-incompatible input and strict mode is set to 'warn': Accented Unicode text character "ü" used in math mode [unicodeTextInMathMode]
No character metrics for '«' in style 'Main-Regular' and mode 'text'
No character metrics for '»' in style 'Main-Regular' and mode 'text'
Parsed 112 Markdown files in 8s
Filtered out 0 files in 251μs
Emitting files
Emitted 873 files to `public` in 30s
Done processing 112 files in 38s

 Quartz v4.5.2  

Cleaned output directory `public` in 59ms
Found 112 input files from `content` in 30ms
Parsing input files using 1 threads
LaTeX-incompatible input and strict mode is set to 'warn': Accented Unicode text character "ü" used in math mode [unicodeTextInMathMode]
LaTeX-incompatible input and strict mode is set to 'warn': Unrecognized Unicode character "«" (171) [unknownSymbol]
LaTeX-incompatible input and strict mode is set to 'warn': Accented Unicode text character "Ü" used in math mode [unicodeTextInMathMode]
LaTeX-incompatible input and strict mode is set to 'warn': Unrecognized Unicode character "»" (187) [unknownSymbol]
LaTeX-incompatible input and strict mode is set to 'warn': Unrecognized Unicode character "—" (8212) [unknownSymbol]
LaTeX-incompatible input and strict mode is set to 'warn': Accented Unicode text character "ü" used in math mode [unicodeTextInMathMode]
No character metrics for '«' in style 'Main-Regular' and mode 'text'
No character metrics for '»' in style 'Main-Regular' and mode 'text'
Parsed 112 Markdown files in 8s
Filtered out 0 files in 254μs
Emitting files
Emitted 873 files to `public` in 30s
Done processing 112 files in 38s

 Quartz v4.5.2  

Cleaned output directory `public` in 56ms
Found 112 input files from `content` in 30ms
Parsing input files using 1 threads
LaTeX-incompatible input and strict mode is set to 'warn': Accented Unicode text character "ü" used in math mode [unicodeTextInMathMode]
LaTeX-incompatible input and strict mode is set to 'warn': Unrecognized Unicode character "«" (171) [unknownSymbol]
LaTeX-incompatible input and strict mode is set to 'warn': Accented Unicode text character "Ü" used in math mode [unicodeTextInMathMode]
LaTeX-incompatible input and strict mode is set to 'warn': Unrecognized Unicode character "»" (187) [unknownSymbol]
LaTeX-incompatible input and strict mode is set to 'warn': Unrecognized Unicode character "—" (8212) [unknownSymbol]
LaTeX-incompatible input and strict mode is set to 'warn': Accented Unicode text character "ü" used in math mode [unicodeTextInMathMode]
No character metrics for '«' in style 'Main-Regular' and mode 'text'
No character metrics for '»' in style 'Main-Regular' and mode 'text'
Parsed 112 Markdown files in 8s
Filtered out 0 files in 258μs
Emitting files
Emitted 873 files to `public` in 30s
Done processing 112 files in 38s

 Quartz v4.5.2  

Cleaned output directory `public` in 48ms
Found 112 input files from `content` in 30ms
Parsing input files using 1 threads
LaTeX-incompatible input and strict mode is set to 'warn': Accented Unicode text character "ü" used in math mode [unicodeTextInMathMode]
LaTeX-incompatible input and strict mode is set to 'warn': Unrecognized Unicode character "«" (171) [unknownSymbol]
LaTeX-incompatible input and strict mode is set to 'warn': Accented Unicode text character "Ü" used in math mode [unicodeTextInMathMode]
LaTeX-incompatible input and strict mode is set to 'warn': Unrecognized Unicode character "»" (187) [unknownSymbol]
LaTeX-incompatible input and strict mode is set to 'warn': Unrecognized Unicode character "—" (8212) [unknownSymbol]
LaTeX-incompatible input and strict mode is set to 'warn': Accented Unicode text character "ü" used in math mode [unicodeTextInMathMode]
No character metrics for '«' in style 'Main-Regular' and mode 'text'
No character metrics for '»' in style 'Main-Regular' and mode 'text'
Parsed 112 Markdown files in 8s
Filtered out 0 files in 257μs
Emitting files
Emitted 873 files to `public` in 30s
Done processing 112 files in 37s

 Quartz v4.5.2  

Cleaned output directory `public` in 57ms
Found 112 input files from `content` in 29ms
Parsing input files using 1 threads
LaTeX-incompatible input and strict mode is set to 'warn': Accented Unicode text character "ü" used in math mode [unicodeTextInMathMode]
LaTeX-incompatible input and strict mode is set to 'warn': Unrecognized Unicode character "«" (171) [unknownSymbol]
LaTeX-incompatible input and strict mode is set to 'warn': Accented Unicode text character "Ü" used in math mode [unicodeTextInMathMode]
LaTeX-incompatible input and strict mode is set to 'warn': Unrecognized Unicode character "»" (187) [unknownSymbol]
LaTeX-incompatible input and strict mode is set to 'warn': Unrecognized Unicode character "—" (8212) [unknownSymbol]
LaTeX-incompatible input and strict mode is set to 'warn': Accented Unicode text character "ü" used in math mode [unicodeTextInMathMode]
No character metrics for '«' in style 'Main-Regular' and mode 'text'
No character metrics for '»' in style 'Main-Regular' and mode 'text'
Parsed 112 Markdown files in 8s
Filtered out 0 files in 241μs
Emitting files
Emitted 873 files to `public` in 30s
Done processing 112 files in 37s

 Quartz v4.5.2  

Cleaned output directory `public` in 77ms
Found 112 input files from `content` in 28ms
Parsing input files using 1 threads
LaTeX-incompatible input and strict mode is set to 'warn': Accented Unicode text character "ü" used in math mode [unicodeTextInMathMode]
LaTeX-incompatible input and strict mode is set to 'warn': Unrecognized Unicode character "«" (171) [unknownSymbol]
LaTeX-incompatible input and strict mode is set to 'warn': Accented Unicode text character "Ü" used in math mode [unicodeTextInMathMode]
LaTeX-incompatible input and strict mode is set to 'warn': Unrecognized Unicode character "»" (187) [unknownSymbol]
LaTeX-incompatible input and strict mode is set to 'warn': Unrecognized Unicode character "—" (8212) [unknownSymbol]
LaTeX-incompatible input and strict mode is set to 'warn': Accented Unicode text character "ü" used in math mode [unicodeTextInMathMode]
No character metrics for '«' in style 'Main-Regular' and mode 'text'
No character metrics for '»' in style 'Main-Regular' and mode 'text'
Parsed 112 Markdown files in 8s
Filtered out 0 files in 246μs
Emitting files
Emitted 873 files to `public` in 30s
Done processing 112 files in 38s
npm notice
npm notice New minor version of npm available! 11.11.0 -> 11.12.1
npm notice Changelog: https://github.com/npm/cli/releases/tag/v11.12.1
npm notice To update run: npm install -g npm@11.12.1
npm notice

 Quartz v4.5.2  

Cleaned output directory `public` in 77ms
Found 112 input files from `content` in 26ms
Parsing input files using 1 threads
LaTeX-incompatible input and strict mode is set to 'warn': Accented Unicode text character "ü" used in math mode [unicodeTextInMathMode]
LaTeX-incompatible input and strict mode is set to 'warn': Unrecognized Unicode character "«" (171) [unknownSymbol]
LaTeX-incompatible input and strict mode is set to 'warn': Accented Unicode text character "Ü" used in math mode [unicodeTextInMathMode]
LaTeX-incompatible input and strict mode is set to 'warn': Unrecognized Unicode character "»" (187) [unknownSymbol]
LaTeX-incompatible input and strict mode is set to 'warn': Unrecognized Unicode character "—" (8212) [unknownSymbol]
LaTeX-incompatible input and strict mode is set to 'warn': Accented Unicode text character "ü" used in math mode [unicodeTextInMathMode]
No character metrics for '«' in style 'Main-Regular' and mode 'text'
No character metrics for '»' in style 'Main-Regular' and mode 'text'
Parsed 112 Markdown files in 8s
Filtered out 0 files in 287μs
Emitting files
Emitted 873 files to `public` in 30s
Done processing 112 files in 38s

 Quartz v4.5.2  

Cleaned output directory `public` in 53ms
Found 112 input files from `content` in 29ms
Parsing input files using 1 threads
LaTeX-incompatible input and strict mode is set to 'warn': Accented Unicode text character "ü" used in math mode [unicodeTextInMathMode]
LaTeX-incompatible input and strict mode is set to 'warn': Unrecognized Unicode character "«" (171) [unknownSymbol]
LaTeX-incompatible input and strict mode is set to 'warn': Accented Unicode text character "Ü" used in math mode [unicodeTextInMathMode]
LaTeX-incompatible input and strict mode is set to 'warn': Unrecognized Unicode character "»" (187) [unknownSymbol]
LaTeX-incompatible input and strict mode is set to 'warn': Unrecognized Unicode character "—" (8212) [unknownSymbol]
LaTeX-incompatible input and strict mode is set to 'warn': Accented Unicode text character "ü" used in math mode [unicodeTextInMathMode]
No character metrics for '«' in style 'Main-Regular' and mode 'text'
No character metrics for '»' in style 'Main-Regular' and mode 'text'
Parsed 112 Markdown files in 8s
Filtered out 0 files in 265μs
Emitting files
Emitted 873 files to `public` in 30s
Done processing 112 files in 38s

 Quartz v4.5.2  

Cleaned output directory `public` in 74ms
Found 112 input files from `content` in 27ms
Parsing input files using 1 threads
LaTeX-incompatible input and strict mode is set to 'warn': Accented Unicode text character "ü" used in math mode [unicodeTextInMathMode]
LaTeX-incompatible input and strict mode is set to 'warn': Unrecognized Unicode character "«" (171) [unknownSymbol]
LaTeX-incompatible input and strict mode is set to 'warn': Accented Unicode text character "Ü" used in math mode [unicodeTextInMathMode]
LaTeX-incompatible input and strict mode is set to 'warn': Unrecognized Unicode character "»" (187) [unknownSymbol]
LaTeX-incompatible input and strict mode is set to 'warn': Unrecognized Unicode character "—" (8212) [unknownSymbol]
LaTeX-incompatible input and strict mode is set to 'warn': Accented Unicode text character "ü" used in math mode [unicodeTextInMathMode]
No character metrics for '«' in style 'Main-Regular' and mode 'text'
No character metrics for '»' in style 'Main-Regular' and mode 'text'
Parsed 112 Markdown files in 8s
Filtered out 0 files in 271μs
Emitting files
Emitted 873 files to `public` in 30s
Done processing 112 files in 38s

 Quartz v4.5.2  

Cleaned output directory `public` in 36ms
Found 112 input files from `content` in 30ms
Parsing input files using 1 threads
LaTeX-incompatible input and strict mode is set to 'warn': Accented Unicode text character "ü" used in math mode [unicodeTextInMathMode]
LaTeX-incompatible input and strict mode is set to 'warn': Unrecognized Unicode character "«" (171) [unknownSymbol]
LaTeX-incompatible input and strict mode is set to 'warn': Accented Unicode text character "Ü" used in math mode [unicodeTextInMathMode]
LaTeX-incompatible input and strict mode is set to 'warn': Unrecognized Unicode character "»" (187) [unknownSymbol]
LaTeX-incompatible input and strict mode is set to 'warn': Unrecognized Unicode character "—" (8212) [unknownSymbol]
LaTeX-incompatible input and strict mode is set to 'warn': Accented Unicode text character "ü" used in math mode [unicodeTextInMathMode]
No character metrics for '«' in style 'Main-Regular' and mode 'text'
No character metrics for '»' in style 'Main-Regular' and mode 'text'
Parsed 112 Markdown files in 8s
Filtered out 0 files in 312μs
Emitting files
Emitted 873 files to `public` in 30s
Done processing 112 files in 38s
